\BOOKMARK [1][-]{section.1}{The System}{}
\BOOKMARK [2][-]{subsection.1.1}{ Single Atoms}{section.1}
\BOOKMARK [2][-]{subsection.1.2}{Hydrogen Molecule}{section.1}
\BOOKMARK [1][-]{section.2}{ Monte Carlo Integration}{}
\BOOKMARK [2][-]{subsection.2.1}{Variational Monte Carlo}{section.2}
\BOOKMARK [2][-]{subsection.2.2}{Importance Sampling}{section.2}
\BOOKMARK [2][-]{subsection.2.3}{Derivatives of Ratios}{section.2}
\BOOKMARK [2][-]{subsection.2.4}{Parameter Optimization}{section.2}
\BOOKMARK [2][-]{subsection.2.5}{Data Analysis using Blocking}{section.2}
\BOOKMARK [1][-]{section.3}{The Programm}{}
\BOOKMARK [2][-]{subsection.3.1}{Classes}{section.3}
\BOOKMARK [3][-]{subsubsection.3.1.1}{positions}{subsection.3.1}
\BOOKMARK [3][-]{subsubsection.3.1.2}{function}{subsection.3.1}
\BOOKMARK [3][-]{subsubsection.3.1.3}{hamilton}{subsection.3.1}
\BOOKMARK [3][-]{subsubsection.3.1.4}{mcint}{subsection.3.1}
\BOOKMARK [3][-]{subsubsection.3.1.5}{libconfig}{subsection.3.1}
\BOOKMARK [2][-]{subsection.3.2}{Structure}{section.3}
\BOOKMARK [1][-]{section.4}{Results}{}
\BOOKMARK [2][-]{subsection.4.1}{Atoms}{section.4}
\BOOKMARK [2][-]{subsection.4.2}{Molecules}{section.4}
\BOOKMARK [3][-]{subsubsection.4.2.1}{Hydrogen Molecule}{subsection.4.2}
\BOOKMARK [3][-]{subsubsection.4.2.2}{Beryllium Molecule}{subsection.4.2}
